  OpenGL_GLM_Camera.cpp
C:\Users\Lozan\Desktop\Freelook OpenGL\OpenGL_GLM_Camera\OpenGL_GLM_Camera.cpp(204,29): warning C4018: ">=": niezgodność typu ze znakiem/bez znaku
C:\Users\Lozan\Desktop\Freelook OpenGL\OpenGL_GLM_Camera\OpenGL_GLM_Camera.cpp(216,29): warning C4018: ">=": niezgodność typu ze znakiem/bez znaku
C:\Users\Lozan\Desktop\Freelook OpenGL\OpenGL_GLM_Camera\OpenGL_GLM_Camera.cpp(259,42): warning C4244: "=": konwersja z "double" do "T", możliwa utrata danych
          with
          [
              T=float
          ]
C:\Users\Lozan\Desktop\Freelook OpenGL\OpenGL_GLM_Camera\OpenGL_GLM_Camera.cpp(260,22): warning C4244: "=": konwersja z "double" do "T", możliwa utrata danych
          with
          [
              T=float
          ]
C:\Users\Lozan\Desktop\Freelook OpenGL\OpenGL_GLM_Camera\OpenGL_GLM_Camera.cpp(261,42): warning C4244: "=": konwersja z "double" do "T", możliwa utrata danych
          with
          [
              T=float
          ]
C:\Users\Lozan\Desktop\Freelook OpenGL\OpenGL_GLM_Camera\OpenGL_GLM_Camera.cpp(369,19): warning C4244: "inicjowanie": konwersja z "sf::Int64" do "float", możliwa utrata danych
C:\Users\Lozan\Desktop\Freelook OpenGL\OpenGL_GLM_Camera\OpenGL_GLM_Camera.cpp(383,58): warning C4244: "argument": konwersja z "sf::Int64" do "float", możliwa utrata danych
C:\Users\Lozan\Desktop\Freelook OpenGL\OpenGL_GLM_Camera\OpenGL_GLM_Camera.cpp(389,53): warning C4244: "argument": konwersja z "sf::Int64" do "float", możliwa utrata danych
  OpenGL_GLM_Camera.vcxproj -> C:\Users\Lozan\Desktop\Freelook OpenGL\Debug\OpenGL_GLM_Camera.exe
